<?xml version="1.0" encoding="UTF-8"?>
<!-- Generated by org.testng.reporters.JUnitXMLReporter -->
<testsuite ignored="0" hostname="DESKTOP-D6F5H8R" failures="0" tests="3" name="Default test" time="14.765" errors="0" timestamp="2023-09-15T02:22:08 EDT">
  <testcase classname="com.AutomationTalks.demoProject3.TestClass" name="Test1" time="2.415"/>
  <testcase classname="com.AutomationTalks.demoProject3.TestClass" name="Test2" time="0.873"/>
  <testcase classname="com.AutomationTalks.demoProject3.TestClass" name="Test3" time="2.436"/>
</testsuite> <!-- Default test -->
