<?xml version="1.0" encoding="UTF-8"?>
<!-- Generated by org.testng.reporters.JUnitXMLReporter -->
<testsuite ignored="0" hostname="DESKTOP-D6F5H8R" failures="0" tests="3" name="Default test" time="16.779" errors="0" timestamp="2023-09-12T04:53:29 EDT">
  <testcase classname="com.AutomationTalks.demoProject3.TestClass" name="Test1" time="6.214"/>
  <testcase classname="com.AutomationTalks.demoProject3.TestClass" name="Test2" time="1.002"/>
  <testcase classname="com.AutomationTalks.demoProject3.TestClass" name="Test3" time="2.41"/>
</testsuite> <!-- Default test -->
