<?xml version="1.0" encoding="UTF-8"?>
<!-- Generated by org.testng.reporters.JUnitXMLReporter -->
<testsuite ignored="0" hostname="DESKTOP-D6F5H8R" failures="0" tests="3" name="Test" time="15.098" errors="0" timestamp="2023-09-16T00:24:46 EDT">
  <testcase classname="com.AutomationTalks.demoProject3.TestClass" name="Test1" time="2.581"/>
  <testcase classname="com.AutomationTalks.demoProject3.TestClass" name="Test2" time="0.916"/>
  <testcase classname="com.AutomationTalks.demoProject3.TestClass" name="Test3" time="2.369"/>
</testsuite> <!-- Test -->
