<?xml version="1.0" encoding="UTF-8"?>
<!-- Generated by org.testng.reporters.JUnitXMLReporter -->
<testsuite ignored="0" hostname="DESKTOP-D6F5H8R" failures="0" tests="3" name="Test" time="15.485" errors="0" timestamp="2023-09-11T21:38:45 EDT">
  <testcase classname="com.AutomationTalks.demoProject3.TestClass" name="Test1" time="4.537"/>
  <testcase classname="com.AutomationTalks.demoProject3.TestClass" name="Test2" time="3.432"/>
  <testcase classname="com.AutomationTalks.demoProject3.TestClass" name="Test3" time="3.094"/>
</testsuite> <!-- Test -->
