<?xml version="1.0" encoding="UTF-8"?>
<testng-results ignored="0" total="3" passed="3" failed="0" skipped="0">
  <reporter-output>
  </reporter-output>
  <suite started-at="2023-09-11T21:38:30 EDT" name="Suite" finished-at="2023-09-11T21:38:45 EDT" duration-ms="15485">
    <groups>
    </groups>
    <test started-at="2023-09-11T21:38:30 EDT" name="Test" finished-at="2023-09-11T21:38:45 EDT" duration-ms="15485">
      <class name="com.AutomationTalks.demoProject3.TestClass">
        <test-method is-config="true" signature="launchDriver()[pri:0, instance:com.AutomationTalks.demoProject3.TestClass@942a29c]" started-at="2023-09-11T21:38:30 EDT" name="launchDriver" finished-at="2023-09-11T21:38:32 EDT" duration-ms="2350" status="PASS">
          <reporter-output>
          </reporter-output>
        </test-method> <!-- launchDriver -->
        <test-method signature="Test1()[pri:0, instance:com.AutomationTalks.demoProject3.TestClass@942a29c]" started-at="2023-09-11T21:38:32 EDT" name="Test1" finished-at="2023-09-11T21:38:37 EDT" duration-ms="4537" status="PASS">
          <reporter-output>
          </reporter-output>
        </test-method> <!-- Test1 -->
        <test-method is-config="true" signature="tearDown()[pri:0, instance:com.AutomationTalks.demoProject3.TestClass@942a29c]" started-at="2023-09-11T21:38:37 EDT" name="tearDown" finished-at="2023-09-11T21:38:37 EDT" duration-ms="91" status="PASS">
          <reporter-output>
          </reporter-output>
        </test-method> <!-- tearDown -->
        <test-method is-config="true" signature="launchDriver()[pri:0, instance:com.AutomationTalks.demoProject3.TestClass@942a29c]" started-at="2023-09-11T21:38:37 EDT" name="launchDriver" finished-at="2023-09-11T21:38:38 EDT" duration-ms="917" status="PASS">
          <reporter-output>
          </reporter-output>
        </test-method> <!-- launchDriver -->
        <test-method signature="Test2()[pri:0, instance:com.AutomationTalks.demoProject3.TestClass@942a29c]" started-at="2023-09-11T21:38:38 EDT" name="Test2" finished-at="2023-09-11T21:38:41 EDT" duration-ms="3432" status="PASS">
          <reporter-output>
          </reporter-output>
        </test-method> <!-- Test2 -->
        <test-method is-config="true" signature="tearDown()[pri:0, instance:com.AutomationTalks.demoProject3.TestClass@942a29c]" started-at="2023-09-11T21:38:41 EDT" name="tearDown" finished-at="2023-09-11T21:38:41 EDT" duration-ms="93" status="PASS">
          <reporter-output>
          </reporter-output>
        </test-method> <!-- tearDown -->
        <test-method is-config="true" signature="launchDriver()[pri:0, instance:com.AutomationTalks.demoProject3.TestClass@942a29c]" started-at="2023-09-11T21:38:41 EDT" name="launchDriver" finished-at="2023-09-11T21:38:42 EDT" duration-ms="868" status="PASS">
          <reporter-output>
          </reporter-output>
        </test-method> <!-- launchDriver -->
        <test-method signature="Test3()[pri:0, instance:com.AutomationTalks.demoProject3.TestClass@942a29c]" started-at="2023-09-11T21:38:42 EDT" name="Test3" finished-at="2023-09-11T21:38:45 EDT" duration-ms="3094" status="PASS">
          <reporter-output>
          </reporter-output>
        </test-method> <!-- Test3 -->
        <test-method is-config="true" signature="tearDown()[pri:0, instance:com.AutomationTalks.demoProject3.TestClass@942a29c]" started-at="2023-09-11T21:38:45 EDT" name="tearDown" finished-at="2023-09-11T21:38:45 EDT" duration-ms="48" status="PASS">
          <reporter-output>
          </reporter-output>
        </test-method> <!-- tearDown -->
      </class> <!-- com.AutomationTalks.demoProject3.TestClass -->
    </test> <!-- Test -->
  </suite> <!-- Suite -->
</testng-results>
