<?xml version="1.0" encoding="UTF-8"?>
<testsuite xmlns:xsi="http://www.w3.org/2001/XMLSchema-instance" xsi:noNamespaceSchemaLocation="https://maven.apache.org/surefire/maven-surefire-plugin/xsd/surefire-test-report-3.0.xsd" version="3.0" name="TestSuite" time="16.061" tests="3" errors="0" skipped="0" failures="0">
  <properties>
[...]
</properties>
  <testcase name="Test1" classname="com.AutomationTalks.demoProject3.TestClass" time="4.543">
    <system-out><![CDATA[Test 1 title is  AutomationTalks - Learn Automation Testing
]]></system-out>
    <system-err><![CDATA[SLF4J: No SLF4J providers were found.
SLF4J: Defaulting to no-operation (NOP) logger implementation
SLF4J: See https://www.slf4j.org/codes.html#noProviders for further details.
Sep 11, 2023 9:38:32 PM org.openqa.selenium.devtools.CdpVersionFinder findNearestMatch
WARNING: Unable to find an exact match for CDP version 116, so returning the closest version found: 115
]]></system-err>
  </testcase>
  <testcase name="Test2" classname="com.AutomationTalks.demoProject3.TestClass" time="3.433">
    <system-out><![CDATA[Test 2 title is  AutomationTalks - Learn Automation Testing
]]></system-out>
    <system-err><![CDATA[Sep 11, 2023 9:38:37 PM org.openqa.selenium.devtools.CdpVersionFinder findNearestMatch
WARNING: Unable to find an exact match for CDP version 116, so returning the closest version found: 115
]]></system-err>
  </testcase>
  <testcase name="Test3" classname="com.AutomationTalks.demoProject3.TestClass" time="3.095">
    <system-out><![CDATA[Test 2 title is  AutomationTalks - Learn Automation Testing
]]></system-out>
    <system-err><![CDATA[Sep 11, 2023 9:38:42 PM org.openqa.selenium.devtools.CdpVersionFinder findNearestMatch
WARNING: Unable to find an exact match for CDP version 116, so returning the closest version found: 115
]]></system-err>
  </testcase>
</testsuite>