<?xml version="1.0" encoding="UTF-8"?>
<testng-results ignored="0" total="3" passed="3" failed="0" skipped="0">
  <reporter-output>
  </reporter-output>
  <suite started-at="2023-09-11T13:47:14 EDT" name="Default suite" finished-at="2023-09-11T13:47:32 EDT" duration-ms="17874">
    <groups>
    </groups>
    <test started-at="2023-09-11T13:47:14 EDT" name="Default test" finished-at="2023-09-11T13:47:32 EDT" duration-ms="17874">
      <class name="com.AutomationTalks.demoProject3.TestClass">
        <test-method is-config="true" signature="launchDriver()[pri:0, instance:com.AutomationTalks.demoProject3.TestClass@6574a52c]" started-at="2023-09-11T13:47:14 EDT" name="launchDriver" finished-at="2023-09-11T13:47:17 EDT" duration-ms="3410" status="PASS">
          <reporter-output>
          </reporter-output>
        </test-method> <!-- launchDriver -->
        <test-method signature="Test1()[pri:0, instance:com.AutomationTalks.demoProject3.TestClass@6574a52c]" started-at="2023-09-11T13:47:17 EDT" name="Test1" finished-at="2023-09-11T13:47:21 EDT" duration-ms="3545" status="PASS">
          <reporter-output>
          </reporter-output>
        </test-method> <!-- Test1 -->
        <test-method is-config="true" signature="tearDown()[pri:0, instance:com.AutomationTalks.demoProject3.TestClass@6574a52c]" started-at="2023-09-11T13:47:21 EDT" name="tearDown" finished-at="2023-09-11T13:47:21 EDT" duration-ms="101" status="PASS">
          <reporter-output>
          </reporter-output>
        </test-method> <!-- tearDown -->
        <test-method is-config="true" signature="launchDriver()[pri:0, instance:com.AutomationTalks.demoProject3.TestClass@6574a52c]" started-at="2023-09-11T13:47:21 EDT" name="launchDriver" finished-at="2023-09-11T13:47:23 EDT" duration-ms="1884" status="PASS">
          <reporter-output>
          </reporter-output>
        </test-method> <!-- launchDriver -->
        <test-method signature="Test2()[pri:0, instance:com.AutomationTalks.demoProject3.TestClass@6574a52c]" started-at="2023-09-11T13:47:23 EDT" name="Test2" finished-at="2023-09-11T13:47:26 EDT" duration-ms="3428" status="PASS">
          <reporter-output>
          </reporter-output>
        </test-method> <!-- Test2 -->
        <test-method is-config="true" signature="tearDown()[pri:0, instance:com.AutomationTalks.demoProject3.TestClass@6574a52c]" started-at="2023-09-11T13:47:26 EDT" name="tearDown" finished-at="2023-09-11T13:47:26 EDT" duration-ms="86" status="PASS">
          <reporter-output>
          </reporter-output>
        </test-method> <!-- tearDown -->
        <test-method is-config="true" signature="launchDriver()[pri:0, instance:com.AutomationTalks.demoProject3.TestClass@6574a52c]" started-at="2023-09-11T13:47:26 EDT" name="launchDriver" finished-at="2023-09-11T13:47:28 EDT" duration-ms="1871" status="PASS">
          <reporter-output>
          </reporter-output>
        </test-method> <!-- launchDriver -->
        <test-method signature="Test3()[pri:0, instance:com.AutomationTalks.demoProject3.TestClass@6574a52c]" started-at="2023-09-11T13:47:28 EDT" name="Test3" finished-at="2023-09-11T13:47:32 EDT" duration-ms="3402" status="PASS">
          <reporter-output>
          </reporter-output>
        </test-method> <!-- Test3 -->
        <test-method is-config="true" signature="tearDown()[pri:0, instance:com.AutomationTalks.demoProject3.TestClass@6574a52c]" started-at="2023-09-11T13:47:32 EDT" name="tearDown" finished-at="2023-09-11T13:47:32 EDT" duration-ms="90" status="PASS">
          <reporter-output>
          </reporter-output>
        </test-method> <!-- tearDown -->
      </class> <!-- com.AutomationTalks.demoProject3.TestClass -->
    </test> <!-- Default test -->
  </suite> <!-- Default suite -->
</testng-results>
